<?xml version="1.0" encoding="UTF-8"?>
<!-- Generated by org.testng.reporters.JUnitReportReporter -->
<testsuite hostname="DESKTOP-OS6BKGO" failures="0" tests="6" name="com.tutorialninja.testcases.LoginTest" time="21.247" errors="0" timestamp="2025-07-22T20:41:26 IST" skipped="0">
  <testcase classname="com.tutorialninja.testcases.LoginTest" name="loginWithValidCredentials" time="3.578"/>
  <testcase classname="com.tutorialninja.testcases.LoginTest" name="loginWithValidCredentials" time="3.539"/>
  <testcase classname="com.tutorialninja.testcases.LoginTest" name="loginWithValidCredentials" time="3.574"/>
  <testcase classname="com.tutorialninja.testcases.LoginTest" name="loginWithInvalidCredentials" time="3.498"/>
  <testcase classname="com.tutorialninja.testcases.LoginTest" name="verifyWithValidEmailAndInvalidPassword" time="3.503"/>
  <testcase classname="com.tutorialninja.testcases.LoginTest" name="verifyWithInalidEmailAndValidPassword" time="3.555"/>
</testsuite> <!-- com.tutorialninja.testcases.LoginTest -->
