<?xml version="1.0" encoding="UTF-8"?>
<!-- Generated by org.testng.reporters.JUnitReportReporter -->
<testsuite hostname="DESKTOP-OS6BKGO" failures="0" tests="3" name="com.tutorialninja.testcases.RegisterTest" time="16.066" errors="0" timestamp="2025-07-22T20:41:26 IST" skipped="0">
  <testcase classname="com.tutorialninja.testcases.RegisterTest" name="verifyRegisteringAccWithAllFields" time="4.888"/>
  <testcase classname="com.tutorialninja.testcases.RegisterTest" name="verifyRegisteringAccWithMandFields" time="4.727"/>
  <testcase classname="com.tutorialninja.testcases.RegisterTest" name="verifyRegisteringAccWithExistingEmail" time="6.451"/>
</testsuite> <!-- com.tutorialninja.testcases.RegisterTest -->
